<?xml version="1.0" encoding="utf-8"?><testsuites><testsuite name="pytest" errors="0" failures="0" skipped="0" tests="14" time="0.461" timestamp="2026-07-04T19:29:48.419425+00:00" hostname="runnervmkkn4f"><testcase classname="tests.test_alert_manager" name="test_alert_manager_uses_cooldown_for_repeated_alerts" time="0.002" /><testcase classname="tests.test_alert_manager" name="test_alert_manager_allows_different_alert_keys" time="0.002" /><testcase classname="tests.test_network_utils" name="test_network_info_detects_192_network" time="0.000" /><testcase classname="tests.test_network_utils" name="test_network_info_detects_172_network" time="0.000" /><testcase classname="tests.test_network_utils" name="test_network_info_detects_10_network" time="0.000" /><testcase classname="tests.test_response_actions" name="test_active_response_adds_recommended_block_to_icmp_alert" time="0.001" /><testcase classname="tests.test_response_actions" name="test_active_response_ignores_unconfigured_alert_type" time="0.001" /><testcase classname="tests.test_response_actions" name="test_manual_blocks_use_independent_rule_names" time="0.000" /><testcase classname="tests.test_response_actions" name="test_block_is_reverted_if_its_cleanup_timer_cannot_start" time="0.000" /><testcase classname="tests.test_storage" name="test_storage_save_and_read" time="0.001" /><testcase classname="tests.test_traffic_classification" name="test_classifies_incoming_traffic" time="0.001" /><testcase classname="tests.test_traffic_classification" name="test_classifies_outgoing_traffic" time="0.001" /><testcase classname="tests.test_traffic_classification" name="test_classifies_local_traffic" time="0.001" /><testcase classname="tests.test_traffic_classification" name="test_classifies_gateway_traffic" time="0.001" /></testsuite></testsuites>